{"level":"info","message":"Server running at http://localhost:3000/","timestamp":"2024-08-20T07:03:17.375Z"}
{"level":"info","message":"Server running at http://localhost:3000/","timestamp":"2024-08-20T07:04:13.477Z"}
{"level":"info","message":"Received upload: video-1724137485524.webm","timestamp":"2024-08-20T07:04:46.326Z"}
{"level":"info","message":"Scheduled log entry - server is running smoothly","timestamp":"2024-08-20T07:05:00.506Z"}
{"level":"info","message":"FFmpeg conversion successful: outputs/output-1724137486326.mp4","timestamp":"2024-08-20T07:05:08.548Z"}
{"level":"info","message":"Scheduled log entry - server is running smoothly","timestamp":"2024-08-20T07:06:00.575Z"}
{"level":"info","message":"Scheduled log entry - server is running smoothly","timestamp":"2024-08-20T07:07:00.630Z"}
{"level":"info","message":"Server running at http://localhost:3000/","timestamp":"2024-08-20T07:07:59.589Z"}
{"level":"info","message":"Scheduled log entry - server is running smoothly","timestamp":"2024-08-20T07:08:00.583Z"}
{"level":"info","message":"Scheduled log entry - server is running smoothly","timestamp":"2024-08-20T07:09:00.620Z"}
{"level":"info","message":"Server running at http://localhost:3000/","timestamp":"2024-08-20T07:09:25.593Z"}
{"level":"info","message":"Scheduled log entry - server is running smoothly","timestamp":"2024-08-20T07:10:00.614Z"}
{"level":"info","message":"Scheduled log entry - server is running smoothly","timestamp":"2024-08-20T07:11:00.666Z"}
{"level":"info","message":"Server started on http://localhost:3000","timestamp":"2024-08-20T07:41:01.827Z"}
{"level":"info","message":"Scheduled log entry - server is running smoothly","timestamp":"2024-08-20T07:42:00.902Z"}
{"level":"info","message":"Scheduled log entry - server is running smoothly","timestamp":"2024-08-20T07:43:00.007Z"}
{"level":"info","message":"File converted successfully: outputs/1724139728748-#4955766 - e621.webm.mp4","timestamp":"2024-08-20T07:43:50.410Z"}
{"level":"info","message":"Scheduled log entry - server is running smoothly","timestamp":"2024-08-20T07:44:00.122Z"}
{"level":"info","message":"File converted successfully: outputs/1724139728743-#4923224 - e621.webm.mp4","timestamp":"2024-08-20T07:44:17.784Z"}
{"level":"info","message":"Scheduled log entry - server is running smoothly","timestamp":"2024-08-20T07:45:00.201Z"}
{"level":"info","message":"File converted successfully: outputs/1724139728738-#4890080 - e621.webm.mp4","timestamp":"2024-08-20T07:45:03.145Z"}
{"level":"info","message":"Scheduled log entry - server is running smoothly","timestamp":"2024-08-20T07:46:00.261Z"}
{"level":"info","message":"File converted successfully: outputs/1724139728745-#4952299 - e621.webm.mp4","timestamp":"2024-08-20T07:46:13.639Z"}
{"level":"info","message":"Scheduled log entry - server is running smoothly","timestamp":"2024-08-20T07:47:00.332Z"}
{"level":"info","message":"Scheduled log entry - server is running smoothly","timestamp":"2024-08-20T07:48:00.411Z"}
{"level":"error","message":"Error during download: ENOENT: no such file or directory, stat '/opt/ffmpeg-webui/outputs/1724139728738-'","timestamp":"2024-08-20T07:48:19.536Z"}
{"level":"info","message":"Scheduled log entry - server is running smoothly","timestamp":"2024-08-20T07:49:00.479Z"}
{"level":"info","message":"Scheduled log entry - server is running smoothly","timestamp":"2024-08-20T07:50:00.537Z"}
{"level":"info","message":"Scheduled log entry - server is running smoothly","timestamp":"2024-08-20T07:51:00.611Z"}
{"level":"info","message":"Scheduled log entry - server is running smoothly","timestamp":"2024-08-20T07:52:00.680Z"}
{"level":"info","message":"Scheduled log entry - server is running smoothly","timestamp":"2024-08-20T07:53:00.770Z"}
{"level":"info","message":"Scheduled log entry - server is running smoothly","timestamp":"2024-08-20T07:54:00.854Z"}
{"level":"info","message":"File converted successfully: outputs/1724140124314.mp4","timestamp":"2024-08-20T07:54:22.766Z"}
{"level":"info","message":"Scheduled log entry - server is running smoothly","timestamp":"2024-08-20T07:55:00.927Z"}
{"level":"info","message":"Scheduled log entry - server is running smoothly","timestamp":"2024-08-20T07:56:00.016Z"}
{"level":"info","message":"Scheduled log entry - server is running smoothly","timestamp":"2024-08-20T07:57:00.082Z"}
{"level":"info","message":"Scheduled log entry - server is running smoothly","timestamp":"2024-08-20T07:58:00.164Z"}
{"level":"info","message":"Scheduled log entry - server is running smoothly","timestamp":"2024-08-20T07:59:00.245Z"}
{"level":"info","message":"Scheduled log entry - server is running smoothly","timestamp":"2024-08-20T08:00:00.327Z"}
{"level":"info","message":"Scheduled log entry - server is running smoothly","timestamp":"2024-08-20T08:01:00.407Z"}
{"level":"info","message":"Scheduled log entry - server is running smoothly","timestamp":"2024-08-20T08:02:00.491Z"}
{"level":"info","message":"Scheduled log entry - server is running smoothly","timestamp":"2024-08-20T08:03:00.573Z"}
{"level":"info","message":"Scheduled log entry - server is running smoothly","timestamp":"2024-08-20T08:04:00.654Z"}
{"level":"info","message":"Scheduled log entry - server is running smoothly","timestamp":"2024-08-20T08:05:00.738Z"}
{"level":"info","message":"Scheduled log entry - server is running smoothly","timestamp":"2024-08-20T08:06:00.822Z"}
{"level":"info","message":"Scheduled log entry - server is running smoothly","timestamp":"2024-08-20T08:07:00.902Z"}
{"level":"info","message":"Scheduled log entry - server is running smoothly","timestamp":"2024-08-20T08:08:00.981Z"}
{"level":"info","message":"Scheduled log entry - server is running smoothly","timestamp":"2024-08-20T08:09:00.061Z"}
{"level":"info","message":"Scheduled log entry - server is running smoothly","timestamp":"2024-08-20T08:10:00.142Z"}
{"level":"info","message":"Scheduled log entry - server is running smoothly","timestamp":"2024-08-20T08:11:00.220Z"}
{"level":"info","message":"Scheduled log entry - server is running smoothly","timestamp":"2024-08-20T08:12:00.303Z"}
{"level":"info","message":"Scheduled log entry - server is running smoothly","timestamp":"2024-08-20T08:13:00.383Z"}
{"level":"info","message":"Scheduled log entry - server is running smoothly","timestamp":"2024-08-20T08:14:00.462Z"}
{"level":"info","message":"Scheduled log entry - server is running smoothly","timestamp":"2024-08-20T08:15:00.542Z"}
{"level":"info","message":"Scheduled log entry - server is running smoothly","timestamp":"2024-08-20T08:16:00.623Z"}
{"level":"info","message":"Scheduled log entry - server is running smoothly","timestamp":"2024-08-20T08:17:00.704Z"}
{"level":"info","message":"Scheduled log entry - server is running smoothly","timestamp":"2024-08-20T08:18:00.783Z"}
{"level":"info","message":"Scheduled log entry - server is running smoothly","timestamp":"2024-08-20T08:19:00.867Z"}
{"level":"info","message":"Scheduled log entry - server is running smoothly","timestamp":"2024-08-20T08:20:00.950Z"}
{"level":"info","message":"Scheduled log entry - server is running smoothly","timestamp":"2024-08-20T08:21:00.028Z"}
{"level":"info","message":"Scheduled log entry - server is running smoothly","timestamp":"2024-08-20T08:22:00.110Z"}
{"level":"info","message":"Scheduled log entry - server is running smoothly","timestamp":"2024-08-20T08:23:00.190Z"}
{"level":"info","message":"Scheduled log entry - server is running smoothly","timestamp":"2024-08-20T08:24:00.272Z"}
{"level":"info","message":"Scheduled log entry - server is running smoothly","timestamp":"2024-08-20T08:25:00.352Z"}
{"level":"info","message":"Scheduled log entry - server is running smoothly","timestamp":"2024-08-20T08:26:00.433Z"}
{"level":"info","message":"Scheduled log entry - server is running smoothly","timestamp":"2024-08-20T08:27:00.512Z"}
{"level":"info","message":"Scheduled log entry - server is running smoothly","timestamp":"2024-08-20T08:28:00.593Z"}
{"level":"info","message":"Scheduled log entry - server is running smoothly","timestamp":"2024-08-20T08:29:00.673Z"}
{"level":"info","message":"Scheduled log entry - server is running smoothly","timestamp":"2024-08-20T08:30:00.758Z"}
{"level":"info","message":"Scheduled log entry - server is running smoothly","timestamp":"2024-08-20T08:31:00.840Z"}
{"level":"info","message":"Scheduled log entry - server is running smoothly","timestamp":"2024-08-20T08:32:00.922Z"}
{"level":"info","message":"Scheduled log entry - server is running smoothly","timestamp":"2024-08-20T08:33:00.001Z"}
{"level":"info","message":"Scheduled log entry - server is running smoothly","timestamp":"2024-08-20T08:34:00.080Z"}
{"level":"info","message":"Scheduled log entry - server is running smoothly","timestamp":"2024-08-20T08:35:00.158Z"}
{"level":"info","message":"Scheduled log entry - server is running smoothly","timestamp":"2024-08-20T08:36:00.238Z"}
{"level":"info","message":"Scheduled log entry - server is running smoothly","timestamp":"2024-08-20T08:37:00.320Z"}
{"level":"info","message":"Scheduled log entry - server is running smoothly","timestamp":"2024-08-20T08:38:00.401Z"}
{"level":"info","message":"Scheduled log entry - server is running smoothly","timestamp":"2024-08-20T08:39:00.479Z"}
{"level":"info","message":"Scheduled log entry - server is running smoothly","timestamp":"2024-08-20T08:40:00.561Z"}
{"level":"info","message":"Scheduled log entry - server is running smoothly","timestamp":"2024-08-20T08:41:00.643Z"}
{"level":"info","message":"Scheduled log entry - server is running smoothly","timestamp":"2024-08-20T08:42:00.722Z"}
{"level":"info","message":"Scheduled log entry - server is running smoothly","timestamp":"2024-08-20T08:43:00.805Z"}
{"level":"info","message":"Scheduled log entry - server is running smoothly","timestamp":"2024-08-20T08:44:00.887Z"}
{"level":"info","message":"Scheduled log entry - server is running smoothly","timestamp":"2024-08-20T08:45:00.967Z"}
{"level":"info","message":"Scheduled log entry - server is running smoothly","timestamp":"2024-08-20T08:46:00.045Z"}
{"level":"info","message":"Scheduled log entry - server is running smoothly","timestamp":"2024-08-20T08:47:00.125Z"}
{"level":"info","message":"Scheduled log entry - server is running smoothly","timestamp":"2024-08-20T08:48:00.205Z"}
{"level":"info","message":"Scheduled log entry - server is running smoothly","timestamp":"2024-08-20T08:49:00.281Z"}
{"level":"info","message":"Scheduled log entry - server is running smoothly","timestamp":"2024-08-20T08:50:00.362Z"}
{"level":"info","message":"Scheduled log entry - server is running smoothly","timestamp":"2024-08-20T08:51:00.443Z"}
{"level":"info","message":"Scheduled log entry - server is running smoothly","timestamp":"2024-08-20T08:52:00.524Z"}
{"level":"info","message":"Scheduled log entry - server is running smoothly","timestamp":"2024-08-20T08:53:00.603Z"}
{"level":"info","message":"Scheduled log entry - server is running smoothly","timestamp":"2024-08-20T08:54:00.682Z"}
{"level":"info","message":"Scheduled log entry - server is running smoothly","timestamp":"2024-08-20T08:55:00.762Z"}
{"level":"info","message":"Scheduled log entry - server is running smoothly","timestamp":"2024-08-20T08:56:00.837Z"}
{"level":"info","message":"Scheduled log entry - server is running smoothly","timestamp":"2024-08-20T08:57:00.919Z"}
{"level":"info","message":"Scheduled log entry - server is running smoothly","timestamp":"2024-08-20T08:58:01.000Z"}
{"level":"info","message":"Scheduled log entry - server is running smoothly","timestamp":"2024-08-20T08:59:00.076Z"}
{"level":"info","message":"Scheduled log entry - server is running smoothly","timestamp":"2024-08-20T09:00:00.155Z"}
{"level":"info","message":"Scheduled log entry - server is running smoothly","timestamp":"2024-08-20T09:01:00.234Z"}
{"level":"info","message":"Scheduled log entry - server is running smoothly","timestamp":"2024-08-20T09:02:00.315Z"}
{"level":"info","message":"Scheduled log entry - server is running smoothly","timestamp":"2024-08-20T09:03:00.394Z"}
{"level":"info","message":"Scheduled log entry - server is running smoothly","timestamp":"2024-08-20T09:04:00.474Z"}
{"level":"info","message":"Scheduled log entry - server is running smoothly","timestamp":"2024-08-20T09:05:00.556Z"}
{"level":"info","message":"Scheduled log entry - server is running smoothly","timestamp":"2024-08-20T09:06:00.635Z"}
{"level":"info","message":"Scheduled log entry - server is running smoothly","timestamp":"2024-08-20T09:07:00.717Z"}
{"level":"info","message":"Scheduled log entry - server is running smoothly","timestamp":"2024-08-20T09:08:00.795Z"}
{"level":"info","message":"Scheduled log entry - server is running smoothly","timestamp":"2024-08-20T09:09:00.875Z"}
{"level":"info","message":"Scheduled log entry - server is running smoothly","timestamp":"2024-08-20T09:10:00.956Z"}
{"level":"info","message":"Scheduled log entry - server is running smoothly","timestamp":"2024-08-20T09:11:00.037Z"}
{"level":"info","message":"Scheduled log entry - server is running smoothly","timestamp":"2024-08-20T09:12:00.117Z"}
{"level":"info","message":"Scheduled log entry - server is running smoothly","timestamp":"2024-08-20T09:13:00.195Z"}
{"level":"info","message":"Scheduled log entry - server is running smoothly","timestamp":"2024-08-20T09:14:00.276Z"}
{"level":"info","message":"Scheduled log entry - server is running smoothly","timestamp":"2024-08-20T09:15:00.356Z"}
{"level":"info","message":"Scheduled log entry - server is running smoothly","timestamp":"2024-08-20T09:16:00.434Z"}
{"level":"info","message":"Scheduled log entry - server is running smoothly","timestamp":"2024-08-20T09:17:00.512Z"}
{"level":"info","message":"Scheduled log entry - server is running smoothly","timestamp":"2024-08-20T09:18:00.591Z"}
{"level":"info","message":"Scheduled log entry - server is running smoothly","timestamp":"2024-08-20T09:19:00.671Z"}
{"level":"info","message":"Scheduled log entry - server is running smoothly","timestamp":"2024-08-20T09:20:00.748Z"}
{"level":"info","message":"Scheduled log entry - server is running smoothly","timestamp":"2024-08-20T09:21:00.832Z"}
{"level":"info","message":"Scheduled log entry - server is running smoothly","timestamp":"2024-08-20T09:22:00.913Z"}
{"level":"info","message":"Scheduled log entry - server is running smoothly","timestamp":"2024-08-20T09:23:00.988Z"}
{"level":"info","message":"Scheduled log entry - server is running smoothly","timestamp":"2024-08-20T09:24:00.066Z"}
{"level":"info","message":"Scheduled log entry - server is running smoothly","timestamp":"2024-08-20T09:25:00.144Z"}
{"level":"info","message":"Scheduled log entry - server is running smoothly","timestamp":"2024-08-20T09:26:00.222Z"}
{"level":"info","message":"Scheduled log entry - server is running smoothly","timestamp":"2024-08-20T09:27:00.301Z"}
{"level":"info","message":"Scheduled log entry - server is running smoothly","timestamp":"2024-08-20T09:28:00.380Z"}
{"level":"info","message":"Scheduled log entry - server is running smoothly","timestamp":"2024-08-20T09:29:00.458Z"}
{"level":"info","message":"Scheduled log entry - server is running smoothly","timestamp":"2024-08-20T09:30:00.533Z"}
{"level":"info","message":"Scheduled log entry - server is running smoothly","timestamp":"2024-08-20T09:31:00.614Z"}
{"level":"info","message":"Scheduled log entry - server is running smoothly","timestamp":"2024-08-20T09:32:00.695Z"}
{"level":"info","message":"Scheduled log entry - server is running smoothly","timestamp":"2024-08-20T09:33:00.774Z"}
{"level":"info","message":"Scheduled log entry - server is running smoothly","timestamp":"2024-08-20T09:34:00.855Z"}
{"level":"info","message":"Scheduled log entry - server is running smoothly","timestamp":"2024-08-20T09:35:00.936Z"}
{"level":"info","message":"Scheduled log entry - server is running smoothly","timestamp":"2024-08-20T09:36:00.015Z"}
{"level":"info","message":"Scheduled log entry - server is running smoothly","timestamp":"2024-08-20T09:37:00.093Z"}
{"level":"info","message":"Scheduled log entry - server is running smoothly","timestamp":"2024-08-20T09:38:00.169Z"}
{"level":"info","message":"Scheduled log entry - server is running smoothly","timestamp":"2024-08-20T09:39:00.248Z"}
{"level":"info","message":"Scheduled log entry - server is running smoothly","timestamp":"2024-08-20T09:40:00.327Z"}
{"level":"info","message":"Scheduled log entry - server is running smoothly","timestamp":"2024-08-20T09:41:00.408Z"}
{"level":"info","message":"Scheduled log entry - server is running smoothly","timestamp":"2024-08-20T09:42:00.488Z"}
{"level":"info","message":"Scheduled log entry - server is running smoothly","timestamp":"2024-08-20T09:43:00.569Z"}
{"level":"info","message":"Scheduled log entry - server is running smoothly","timestamp":"2024-08-20T09:44:00.648Z"}
{"level":"info","message":"Scheduled log entry - server is running smoothly","timestamp":"2024-08-20T09:45:00.731Z"}
{"level":"info","message":"Scheduled log entry - server is running smoothly","timestamp":"2024-08-20T09:46:00.811Z"}
{"level":"info","message":"Scheduled log entry - server is running smoothly","timestamp":"2024-08-20T09:47:00.889Z"}
{"level":"info","message":"Scheduled log entry - server is running smoothly","timestamp":"2024-08-20T09:48:00.972Z"}
{"level":"info","message":"Scheduled log entry - server is running smoothly","timestamp":"2024-08-20T09:49:00.053Z"}
{"level":"info","message":"Scheduled log entry - server is running smoothly","timestamp":"2024-08-20T09:50:00.128Z"}
{"level":"info","message":"Scheduled log entry - server is running smoothly","timestamp":"2024-08-20T09:51:00.208Z"}
{"level":"info","message":"Scheduled log entry - server is running smoothly","timestamp":"2024-08-20T09:52:00.288Z"}
{"level":"info","message":"Scheduled log entry - server is running smoothly","timestamp":"2024-08-20T09:53:00.370Z"}
{"level":"info","message":"Scheduled log entry - server is running smoothly","timestamp":"2024-08-20T09:54:00.449Z"}
{"level":"info","message":"Scheduled log entry - server is running smoothly","timestamp":"2024-08-20T09:55:00.530Z"}
{"level":"info","message":"Scheduled log entry - server is running smoothly","timestamp":"2024-08-20T09:56:00.608Z"}
{"level":"info","message":"Scheduled log entry - server is running smoothly","timestamp":"2024-08-20T09:57:00.687Z"}
{"level":"info","message":"Scheduled log entry - server is running smoothly","timestamp":"2024-08-20T09:58:00.767Z"}
{"level":"info","message":"Scheduled log entry - server is running smoothly","timestamp":"2024-08-20T09:59:00.848Z"}
{"level":"info","message":"Scheduled log entry - server is running smoothly","timestamp":"2024-08-20T10:00:00.930Z"}
{"level":"info","message":"Scheduled log entry - server is running smoothly","timestamp":"2024-08-20T10:01:00.009Z"}
{"level":"info","message":"Scheduled log entry - server is running smoothly","timestamp":"2024-08-20T10:02:00.092Z"}
{"level":"info","message":"Scheduled log entry - server is running smoothly","timestamp":"2024-08-20T10:03:00.174Z"}
{"level":"info","message":"Scheduled log entry - server is running smoothly","timestamp":"2024-08-20T10:04:00.248Z"}
{"level":"info","message":"Scheduled log entry - server is running smoothly","timestamp":"2024-08-20T10:05:00.327Z"}
{"level":"info","message":"Scheduled log entry - server is running smoothly","timestamp":"2024-08-20T10:06:00.409Z"}
{"level":"info","message":"Scheduled log entry - server is running smoothly","timestamp":"2024-08-20T10:07:00.489Z"}
{"level":"info","message":"Scheduled log entry - server is running smoothly","timestamp":"2024-08-20T10:08:00.565Z"}
{"level":"info","message":"Scheduled log entry - server is running smoothly","timestamp":"2024-08-20T10:09:00.646Z"}
{"level":"info","message":"Scheduled log entry - server is running smoothly","timestamp":"2024-08-20T10:10:00.727Z"}
{"level":"info","message":"Scheduled log entry - server is running smoothly","timestamp":"2024-08-20T10:11:00.808Z"}
{"level":"info","message":"Scheduled log entry - server is running smoothly","timestamp":"2024-08-20T10:12:00.890Z"}
{"level":"info","message":"Scheduled log entry - server is running smoothly","timestamp":"2024-08-20T10:13:00.970Z"}
{"level":"info","message":"Scheduled log entry - server is running smoothly","timestamp":"2024-08-20T10:14:00.049Z"}
{"level":"info","message":"Scheduled log entry - server is running smoothly","timestamp":"2024-08-20T10:15:00.128Z"}
{"level":"info","message":"Scheduled log entry - server is running smoothly","timestamp":"2024-08-20T10:16:00.207Z"}
{"level":"info","message":"Scheduled log entry - server is running smoothly","timestamp":"2024-08-20T10:17:00.288Z"}
{"level":"info","message":"Scheduled log entry - server is running smoothly","timestamp":"2024-08-20T10:18:00.365Z"}
{"level":"info","message":"Scheduled log entry - server is running smoothly","timestamp":"2024-08-20T10:19:00.445Z"}
{"level":"info","message":"Scheduled log entry - server is running smoothly","timestamp":"2024-08-20T10:20:00.526Z"}
{"level":"info","message":"Scheduled log entry - server is running smoothly","timestamp":"2024-08-20T10:21:00.607Z"}
{"level":"info","message":"Scheduled log entry - server is running smoothly","timestamp":"2024-08-20T10:22:00.686Z"}
{"level":"info","message":"Scheduled log entry - server is running smoothly","timestamp":"2024-08-20T10:23:00.765Z"}
{"level":"info","message":"Scheduled log entry - server is running smoothly","timestamp":"2024-08-20T10:24:00.845Z"}
{"level":"info","message":"Scheduled log entry - server is running smoothly","timestamp":"2024-08-20T10:25:00.922Z"}
{"level":"info","message":"Scheduled log entry - server is running smoothly","timestamp":"2024-08-20T10:26:00.004Z"}
{"level":"info","message":"Scheduled log entry - server is running smoothly","timestamp":"2024-08-20T10:27:00.087Z"}
{"level":"info","message":"Scheduled log entry - server is running smoothly","timestamp":"2024-08-20T10:28:00.166Z"}
{"level":"info","message":"Scheduled log entry - server is running smoothly","timestamp":"2024-08-20T10:29:00.244Z"}
{"level":"info","message":"Scheduled log entry - server is running smoothly","timestamp":"2024-08-20T10:30:00.326Z"}
{"level":"info","message":"Scheduled log entry - server is running smoothly","timestamp":"2024-08-20T10:31:00.405Z"}
{"level":"info","message":"Scheduled log entry - server is running smoothly","timestamp":"2024-08-20T10:32:00.485Z"}
{"level":"info","message":"Scheduled log entry - server is running smoothly","timestamp":"2024-08-20T10:33:00.568Z"}
{"level":"info","message":"Scheduled log entry - server is running smoothly","timestamp":"2024-08-20T10:34:00.648Z"}
{"level":"info","message":"Scheduled log entry - server is running smoothly","timestamp":"2024-08-20T10:35:00.729Z"}
{"level":"info","message":"Scheduled log entry - server is running smoothly","timestamp":"2024-08-20T10:36:00.810Z"}
{"level":"info","message":"Scheduled log entry - server is running smoothly","timestamp":"2024-08-20T10:37:00.888Z"}
{"level":"info","message":"Scheduled log entry - server is running smoothly","timestamp":"2024-08-20T10:38:00.967Z"}
{"level":"info","message":"Scheduled log entry - server is running smoothly","timestamp":"2024-08-20T10:39:00.047Z"}
